<?xml version="1.0" encoding="UTF-8"?>
<!-- Generated by org.testng.reporters.JUnitXMLReporter -->
<testsuite ignored="0" hostname="DESKTOP-GIRVJLT" failures="0" tests="4" name="Test" time="0.179" errors="0" timestamp="2024-01-30T12:53:18 IST">
  <testcase classname="sanity.SanityTwo" name="saniTwo" time="0.008"/>
  <testcase classname="regression.RegressionOne" name="regrOne" time="0.002"/>
  <testcase classname="sanity.SanityOne" name="saniOne" time="0.002"/>
  <testcase classname="regression.RegressionTwo" name="regrTwo" time="0.003"/>
</testsuite> <!-- Test -->
