<?xml version="1.0" encoding="UTF-8"?>
<testng-results ignored="0" total="4" passed="4" failed="0" skipped="0">
  <reporter-output>
  </reporter-output>
  <suite started-at="2024-01-24T13:36:04 IST" name="Surefire suite" finished-at="2024-01-24T13:36:04 IST" duration-ms="267">
    <groups>
    </groups>
    <test started-at="2024-01-24T13:36:04 IST" name="Surefire test" finished-at="2024-01-24T13:36:04 IST" duration-ms="267">
      <class name="Demo.SeleniumProject.MobileTest">
        <test-method signature="Mobile1()[pri:0, instance:Demo.SeleniumProject.MobileTest@6a6afff2]" started-at="2024-01-24T13:36:04 IST" name="Mobile1" finished-at="2024-01-24T13:36:04 IST" duration-ms="1" status="PASS">
          <reporter-output>
          </reporter-output>
        </test-method> <!-- Mobile1 -->
        <test-method signature="Mobile2()[pri:0, instance:Demo.SeleniumProject.MobileTest@6a6afff2]" started-at="2024-01-24T13:36:04 IST" name="Mobile2" finished-at="2024-01-24T13:36:04 IST" duration-ms="1" status="PASS">
          <reporter-output>
          </reporter-output>
        </test-method> <!-- Mobile2 -->
      </class> <!-- Demo.SeleniumProject.MobileTest -->
      <class name="Demo.SeleniumProject.CarTest">
        <test-method signature="Car1()[pri:0, instance:Demo.SeleniumProject.CarTest@4ef37659]" started-at="2024-01-24T13:36:04 IST" name="Car1" finished-at="2024-01-24T13:36:04 IST" duration-ms="18" status="PASS">
          <reporter-output>
          </reporter-output>
        </test-method> <!-- Car1 -->
        <test-method signature="Car2()[pri:0, instance:Demo.SeleniumProject.CarTest@4ef37659]" started-at="2024-01-24T13:36:04 IST" name="Car2" finished-at="2024-01-24T13:36:04 IST" duration-ms="2" status="PASS">
          <reporter-output>
          </reporter-output>
        </test-method> <!-- Car2 -->
      </class> <!-- Demo.SeleniumProject.CarTest -->
    </test> <!-- Surefire test -->
  </suite> <!-- Surefire suite -->
</testng-results>
