<?xml version="1.0" encoding="UTF-8"?>
<testsuite xmlns:xsi="http://www.w3.org/2001/XMLSchema-instance" xsi:noNamespaceSchemaLocation="https://maven.apache.org/surefire/maven-surefire-plugin/xsd/surefire-test-report-3.0.xsd" version="3.0" name="TestSuite" time="1.409" tests="4" errors="0" skipped="0" failures="0">
  <properties>
[...]
</properties>
  <testcase name="Car1" classname="Demo.SeleniumProject.CarTest" time="0.025">
    <system-out><![CDATA[Car1 test case
]]></system-out>
    <system-err><![CDATA[SLF4J: Failed to load class "org.slf4j.impl.StaticLoggerBinder".
SLF4J: Defaulting to no-operation (NOP) logger implementation
SLF4J: See http://www.slf4j.org/codes.html#StaticLoggerBinder for further details.
]]></system-err>
  </testcase>
  <testcase name="Car2" classname="Demo.SeleniumProject.CarTest" time="0.003">
    <system-out><![CDATA[Car2 test case
]]></system-out>
  </testcase>
  <testcase name="Mobile1" classname="Demo.SeleniumProject.MobileTest" time="0.001">
    <system-out><![CDATA[Mobile1 test case
]]></system-out>
  </testcase>
  <testcase name="Mobile2" classname="Demo.SeleniumProject.MobileTest" time="0.0">
    <system-out><![CDATA[Mobile2 test case
]]></system-out>
  </testcase>
</testsuite>