<?xml version="1.0" encoding="UTF-8"?>
<testng-results ignored="0" total="3" passed="3" failed="0" skipped="0">
  <reporter-output>
  </reporter-output>
  <suite started-at="2024-01-30T19:43:38 IST" name="Default suite" finished-at="2024-01-30T19:43:38 IST" duration-ms="136">
    <groups>
    </groups>
    <test started-at="2024-01-30T19:43:38 IST" name="Default test" finished-at="2024-01-30T19:43:38 IST" duration-ms="136">
      <class name="sanity.SanityOne">
        <test-method signature="rTest()[pri:0, instance:sanity.SanityOne@5677323c]" started-at="2024-01-30T19:43:38 IST" name="rTest" finished-at="2024-01-30T19:43:38 IST" duration-ms="18" status="PASS">
          <reporter-output>
          </reporter-output>
        </test-method> <!-- rTest -->
        <test-method signature="saniOne()[pri:0, instance:sanity.SanityOne@5677323c]" started-at="2024-01-30T19:43:38 IST" name="saniOne" finished-at="2024-01-30T19:43:38 IST" duration-ms="3" status="PASS">
          <reporter-output>
          </reporter-output>
        </test-method> <!-- saniOne -->
        <test-method signature="aTest()[pri:0, instance:sanity.SanityOne@5677323c]" started-at="2024-01-30T19:43:38 IST" name="aTest" finished-at="2024-01-30T19:43:38 IST" depends-on-methods="sanity.SanityOne.rTest" duration-ms="7" status="PASS">
          <reporter-output>
          </reporter-output>
        </test-method> <!-- aTest -->
      </class> <!-- sanity.SanityOne -->
    </test> <!-- Default test -->
  </suite> <!-- Default suite -->
</testng-results>
